Arguments: 
  C:\Program Files\nodejs\node.exe C:\Program Files (x86)\Yarn\bin\yarn.js init

PATH: 
  C:\Users\thaca\bin;C:\Program Files\Git\mingw64\bin;C:\Program Files\Git\usr\local\bin;C:\Program Files\Git\usr\bin;C:\Program Files\Git\usr\bin;C:\Program Files\Git\mingw64\bin;C:\Program Files\Git\usr\bin;C:\Users\thaca\bin;C:\Python27;C:\Python27\Scripts;C:\WINDOWS\system32;C:\WINDOWS;C:\WINDOWS\System32\Wbem;C:\WINDOWS\System32\WindowsPowerShell\v1.0;C:\WINDOWS\System32\OpenSSH;C:\Program Files\Git\cmd;C:\Program Files (x86)\Yarn\bin;C:\ProgramData\chocolatey\bin;C:\Program Files\nodejs;C:\Program Files\Java\jdk1.8.0_211\bin;C:\Users\thaca\AppData\Local\Microsoft\WindowsApps;C:\Users\thaca\AppData\Local\Yarn\bin;C:\Users\thaca\AppData\Roaming\npm;C:\Users\thaca\AppData\Local\atom\bin;C:\Users\thaca\AppData\Local\Android\Sdk\platform-tools;C:\Program Files (x86)\heroku\bin;C:\Program Files\Git\usr\bin\vendor_perl;C:\Program Files\Git\usr\bin\core_perl

Yarn version: 
  1.15.2

Node version: 
  11.14.0

Platform: 
  win32 x64

Trace: 
  Error: canceled
      at Interface.<anonymous> (C:\Program Files (x86)\Yarn\lib\cli.js:125801:13)
      at Interface.emit (events.js:193:13)
      at Interface._ttyWrite (readline.js:826:16)
      at ReadStream.onkeypress (readline.js:183:10)
      at ReadStream.emit (events.js:193:13)
      at emitKeys (internal/readline.js:424:14)
      at emitKeys.next (<anonymous>)
      at ReadStream.onData (readline.js:1097:36)
      at ReadStream.emit (events.js:193:13)
      at addChunk (_stream_readable.js:295:12)

npm manifest: 
  No manifest

yarn manifest: 
  No manifest

Lockfile: 
  No lockfile
